[ pid=97726 thr=2148444460 file=utils.rb:176 time=2010-11-25 11:27:01.701 ]: *** Exception LoadError in PhusionPassenger::Rack::ApplicationSpawner (no such file to load -- /Users/ihower/projects/simple_cas/lib/castronaut/adapters/htcsense/adapter) (process 97726, thread #<Thread:0x1001d5258>):
	from /Users/ihower/.rvm/rubies/ree-1.8.7-2010.02/lib/ruby/site_ruby/1.8/rubygems/custom_require.rb:31:in `gem_original_require'
	from /Users/ihower/.rvm/rubies/ree-1.8.7-2010.02/lib/ruby/site_ruby/1.8/rubygems/custom_require.rb:31:in `require'
	from /Users/ihower/.rvm/gems/ree-1.8.7-2010.02/gems/activesupport-3.0.3/lib/active_support/dependencies.rb:239:in `require'
	from /Users/ihower/.rvm/gems/ree-1.8.7-2010.02/gems/activesupport-3.0.3/lib/active_support/dependencies.rb:225:in `load_dependency'
	from /Users/ihower/.rvm/gems/ree-1.8.7-2010.02/gems/activesupport-3.0.3/lib/active_support/dependencies.rb:596:in `new_constants_in'
	from /Users/ihower/.rvm/gems/ree-1.8.7-2010.02/gems/activesupport-3.0.3/lib/active_support/dependencies.rb:225:in `load_dependency'
	from /Users/ihower/.rvm/gems/ree-1.8.7-2010.02/gems/activesupport-3.0.3/lib/active_support/dependencies.rb:239:in `require'
	from /Users/ihower/projects/simple_cas/lib/castronaut.rb:19
	from /Users/ihower/.rvm/rubies/ree-1.8.7-2010.02/lib/ruby/site_ruby/1.8/rubygems/custom_require.rb:31:in `gem_original_require'
	from /Users/ihower/.rvm/rubies/ree-1.8.7-2010.02/lib/ruby/site_ruby/1.8/rubygems/custom_require.rb:31:in `require'
	from config.ru:7
	from /Users/ihower/.rvm/gems/ree-1.8.7-2010.02/gems/rack-1.2.1/lib/rack/builder.rb:46:in `instance_eval'
	from /Users/ihower/.rvm/gems/ree-1.8.7-2010.02/gems/rack-1.2.1/lib/rack/builder.rb:46:in `initialize'
	from config.ru:1:in `new'
	from config.ru:1
[ pid=97726 thr=2148444460 file=utils.rb:176 time=2010-11-25 11:27:02.744 ]: *** Exception LoadError in PhusionPassenger::Rack::ApplicationSpawner (no such file to load -- /Users/ihower/projects/simple_cas/lib/castronaut/adapters/htcsense/adapter) (process 97726, thread #<Thread:0x1001d5258>):
	from /Users/ihower/.rvm/rubies/ree-1.8.7-2010.02/lib/ruby/site_ruby/1.8/rubygems/custom_require.rb:31:in `gem_original_require'
	from /Users/ihower/.rvm/rubies/ree-1.8.7-2010.02/lib/ruby/site_ruby/1.8/rubygems/custom_require.rb:31:in `require'
	from /Users/ihower/.rvm/gems/ree-1.8.7-2010.02/gems/activesupport-3.0.3/lib/active_support/dependencies.rb:239:in `require'
	from /Users/ihower/.rvm/gems/ree-1.8.7-2010.02/gems/activesupport-3.0.3/lib/active_support/dependencies.rb:225:in `load_dependency'
	from /Users/ihower/.rvm/gems/ree-1.8.7-2010.02/gems/activesupport-3.0.3/lib/active_support/dependencies.rb:596:in `new_constants_in'
	from /Users/ihower/.rvm/gems/ree-1.8.7-2010.02/gems/activesupport-3.0.3/lib/active_support/dependencies.rb:225:in `load_dependency'
	from /Users/ihower/.rvm/gems/ree-1.8.7-2010.02/gems/activesupport-3.0.3/lib/active_support/dependencies.rb:239:in `require'
	from /Users/ihower/projects/simple_cas/lib/castronaut.rb:19
	from /Users/ihower/.rvm/rubies/ree-1.8.7-2010.02/lib/ruby/site_ruby/1.8/rubygems/custom_require.rb:31:in `gem_original_require'
	from /Users/ihower/.rvm/rubies/ree-1.8.7-2010.02/lib/ruby/site_ruby/1.8/rubygems/custom_require.rb:31:in `require'
	from config.ru:7
	from /Users/ihower/.rvm/gems/ree-1.8.7-2010.02/gems/rack-1.2.1/lib/rack/builder.rb:46:in `instance_eval'
	from /Users/ihower/.rvm/gems/ree-1.8.7-2010.02/gems/rack-1.2.1/lib/rack/builder.rb:46:in `initialize'
	from config.ru:1:in `new'
	from config.ru:1
[ pid=97726 thr=2148444460 file=utils.rb:176 time=2010-11-25 11:27:03.669 ]: *** Exception LoadError in PhusionPassenger::Rack::ApplicationSpawner (no such file to load -- /Users/ihower/projects/simple_cas/lib/castronaut/adapters/htcsense/adapter) (process 97726, thread #<Thread:0x1001d5258>):
	from /Users/ihower/.rvm/rubies/ree-1.8.7-2010.02/lib/ruby/site_ruby/1.8/rubygems/custom_require.rb:31:in `gem_original_require'
	from /Users/ihower/.rvm/rubies/ree-1.8.7-2010.02/lib/ruby/site_ruby/1.8/rubygems/custom_require.rb:31:in `require'
	from /Users/ihower/.rvm/gems/ree-1.8.7-2010.02/gems/activesupport-3.0.3/lib/active_support/dependencies.rb:239:in `require'
	from /Users/ihower/.rvm/gems/ree-1.8.7-2010.02/gems/activesupport-3.0.3/lib/active_support/dependencies.rb:225:in `load_dependency'
	from /Users/ihower/.rvm/gems/ree-1.8.7-2010.02/gems/activesupport-3.0.3/lib/active_support/dependencies.rb:596:in `new_constants_in'
	from /Users/ihower/.rvm/gems/ree-1.8.7-2010.02/gems/activesupport-3.0.3/lib/active_support/dependencies.rb:225:in `load_dependency'
	from /Users/ihower/.rvm/gems/ree-1.8.7-2010.02/gems/activesupport-3.0.3/lib/active_support/dependencies.rb:239:in `require'
	from /Users/ihower/projects/simple_cas/lib/castronaut.rb:19
	from /Users/ihower/.rvm/rubies/ree-1.8.7-2010.02/lib/ruby/site_ruby/1.8/rubygems/custom_require.rb:31:in `gem_original_require'
	from /Users/ihower/.rvm/rubies/ree-1.8.7-2010.02/lib/ruby/site_ruby/1.8/rubygems/custom_require.rb:31:in `require'
	from config.ru:7
	from /Users/ihower/.rvm/gems/ree-1.8.7-2010.02/gems/rack-1.2.1/lib/rack/builder.rb:46:in `instance_eval'
	from /Users/ihower/.rvm/gems/ree-1.8.7-2010.02/gems/rack-1.2.1/lib/rack/builder.rb:46:in `initialize'
	from config.ru:1:in `new'
	from config.ru:1
[ pid=97726 thr=2148444460 file=utils.rb:176 time=2010-11-25 11:27:05.701 ]: *** Exception LoadError in PhusionPassenger::Rack::ApplicationSpawner (no such file to load -- /Users/ihower/projects/simple_cas/lib/castronaut/adapters/htcsense/adapter) (process 97726, thread #<Thread:0x1001d5258>):
	from /Users/ihower/.rvm/rubies/ree-1.8.7-2010.02/lib/ruby/site_ruby/1.8/rubygems/custom_require.rb:31:in `gem_original_require'
	from /Users/ihower/.rvm/rubies/ree-1.8.7-2010.02/lib/ruby/site_ruby/1.8/rubygems/custom_require.rb:31:in `require'
	from /Users/ihower/.rvm/gems/ree-1.8.7-2010.02/gems/activesupport-3.0.3/lib/active_support/dependencies.rb:239:in `require'
	from /Users/ihower/.rvm/gems/ree-1.8.7-2010.02/gems/activesupport-3.0.3/lib/active_support/dependencies.rb:225:in `load_dependency'
	from /Users/ihower/.rvm/gems/ree-1.8.7-2010.02/gems/activesupport-3.0.3/lib/active_support/dependencies.rb:596:in `new_constants_in'
	from /Users/ihower/.rvm/gems/ree-1.8.7-2010.02/gems/activesupport-3.0.3/lib/active_support/dependencies.rb:225:in `load_dependency'
	from /Users/ihower/.rvm/gems/ree-1.8.7-2010.02/gems/activesupport-3.0.3/lib/active_support/dependencies.rb:239:in `require'
	from /Users/ihower/projects/simple_cas/lib/castronaut.rb:19
	from /Users/ihower/.rvm/rubies/ree-1.8.7-2010.02/lib/ruby/site_ruby/1.8/rubygems/custom_require.rb:31:in `gem_original_require'
	from /Users/ihower/.rvm/rubies/ree-1.8.7-2010.02/lib/ruby/site_ruby/1.8/rubygems/custom_require.rb:31:in `require'
	from config.ru:7
	from /Users/ihower/.rvm/gems/ree-1.8.7-2010.02/gems/rack-1.2.1/lib/rack/builder.rb:46:in `instance_eval'
	from /Users/ihower/.rvm/gems/ree-1.8.7-2010.02/gems/rack-1.2.1/lib/rack/builder.rb:46:in `initialize'
	from config.ru:1:in `new'
	from config.ru:1
